[05:18:49] [main/INFO]: Loading Minecraft 1.21.3 with Fabric Loader 0.16.9
[05:18:49] [main/INFO]: Loading 4 mods:
	- fabricloader 0.16.9
	   \-- mixinextras 0.4.1
	- java 21
	- minecraft 1.21.3
[05:18:49] [main/INFO]: SpongePowered MIXIN Subsystem Version=0.8.7 Source=file:/workspaces/bug-free-umbrella/servidor_minecraft/libraries/net/fabricmc/sponge-mixin/0.15.4+mixin.0.8.7/sponge-mixin-0.15.4+mixin.0.8.7.jar Service=Knot/Fabric Env=SERVER
[05:18:55] [main/ERROR]: Failed to load properties from file: server.properties
java.nio.file.NoSuchFileException: server.properties
	at java.base/sun.nio.fs.UnixException.translateToIOException(UnixException.java:92) ~[?:?]
	at java.base/sun.nio.fs.UnixException.rethrowAsIOException(UnixException.java:106) ~[?:?]
	at java.base/sun.nio.fs.UnixException.rethrowAsIOException(UnixException.java:111) ~[?:?]
	at java.base/sun.nio.fs.UnixFileSystemProvider.newByteChannel(UnixFileSystemProvider.java:261) ~[?:?]
	at java.base/java.nio.file.Files.newByteChannel(Files.java:379) ~[?:?]
	at java.base/java.nio.file.Files.newByteChannel(Files.java:431) ~[?:?]
	at java.base/java.nio.file.spi.FileSystemProvider.newInputStream(FileSystemProvider.java:420) ~[?:?]
	at java.base/java.nio.file.Files.newInputStream(Files.java:159) ~[?:?]
	at knot/net.minecraft.class_3808.method_16727(class_3808.java:62) [server-intermediary.jar:?]
	at knot/net.minecraft.class_3806.method_16714(class_3806.java:141) [server-intermediary.jar:?]
	at knot/net.minecraft.class_3807.<init>(class_3807.java:12) [server-intermediary.jar:?]
	at knot/net.minecraft.server.Main.main(Main.java:114) [server-intermediary.jar:?]
	at net.fabricmc.loader.impl.game.minecraft.MinecraftGameProvider.launch(MinecraftGameProvider.java:480) [fabric-loader-0.16.9.jar:?]
	at net.fabricmc.loader.impl.launch.knot.Knot.launch(Knot.java:74) [fabric-loader-0.16.9.jar:?]
	at net.fabricmc.loader.impl.launch.knot.KnotServer.main(KnotServer.java:23) [fabric-loader-0.16.9.jar:?]
	at net.fabricmc.loader.impl.launch.server.FabricServerLauncher.main(FabricServerLauncher.java:69) [fabric-loader-0.16.9.jar:?]
	at net.fabricmc.installer.ServerLauncher.main(ServerLauncher.java:69) [fabric-server-launch.jar:1.0.1]
[05:18:55] [main/INFO]: Environment: Environment[sessionHost=https://sessionserver.mojang.com, servicesHost=https://api.minecraftservices.com, name=PROD]
[05:18:56] [main/INFO]: No existing world data, creating new world
[05:18:56] [main/INFO]: Loaded 1337 recipes
[05:18:56] [main/INFO]: Loaded 1448 advancements
[05:18:57] [Server thread/INFO]: Starting minecraft server version 1.21.3
[05:18:57] [Server thread/INFO]: Loading properties
[05:18:57] [Server thread/INFO]: Default game type: SURVIVAL
[05:18:57] [Server thread/INFO]: Generating keypair
[05:18:57] [Server thread/INFO]: Starting Minecraft server on *:25565
[05:18:57] [Server thread/INFO]: Using epoll channel type
[05:18:57] [Server thread/INFO]: Preparing level "world"
[05:19:02] [Server thread/INFO]: Preparing start region for dimension minecraft:overworld
[05:19:02] [Worker-Main-2/INFO]: Preparing spawn area: 2%
[05:19:03] [Worker-Main-1/INFO]: Preparing spawn area: 2%
[05:19:03] [Worker-Main-1/INFO]: Preparing spawn area: 2%
[05:19:04] [Worker-Main-1/INFO]: Preparing spawn area: 2%
[05:19:04] [Worker-Main-3/INFO]: Preparing spawn area: 18%
[05:19:05] [Worker-Main-2/INFO]: Preparing spawn area: 18%
[05:19:05] [Worker-Main-1/INFO]: Preparing spawn area: 18%
[05:19:06] [Worker-Main-3/INFO]: Preparing spawn area: 18%
[05:19:06] [Worker-Main-3/INFO]: Preparing spawn area: 51%
[05:19:07] [Worker-Main-2/INFO]: Preparing spawn area: 51%
[05:19:07] [Worker-Main-1/INFO]: Preparing spawn area: 51%
[05:19:08] [Server thread/INFO]: Time elapsed: 5437 ms
[05:19:08] [Server thread/INFO]: Done (10.699s)! For help, type "help"
[05:19:11] [User Authenticator #1/INFO]: UUID of player Rz91 is 0a49a2cf-e919-4075-ba4a-ec26d03b5107
[05:19:12] [Server thread/INFO]: Rz91[/[0:0:0:0:0:0:0:1%0]:38144] logged in with entity id 3 at (-11.5, 80.0, -105.5)
[05:19:12] [Server thread/INFO]: Rz91 joined the game
